<?xml version="1.0" encoding="UTF-8"?>
<!-- Generated by org.testng.reporters.JUnitReportReporter -->
<testsuite skipped="0" hostname="HALIL" name="Basics.EssentialQuestions" tests="2" failures="0" timestamp="03 Feb 2019 02:49:25 GMT" time="0.007" errors="0">
  <testcase name="WhereAreYou" time="0.003" classname="Basics.EssentialQuestions"/>
  <testcase name="WhoAreYou" time="0.004" classname="Basics.EssentialQuestions"/>
</testsuite> <!-- Basics.EssentialQuestions -->
