<?xml version="1.0" encoding="UTF-8"?>
<!-- Generated by org.testng.reporters.JUnitReportReporter -->
<testsuite skipped="0" hostname="HALIL" name="Basics.DataDrivingfromProperties" tests="1" failures="0" timestamp="07 Feb 2019 03:35:26 GMT" time="5.978" errors="0">
  <testcase name="getData" time="5.978" classname="Basics.DataDrivingfromProperties"/>
</testsuite> <!-- Basics.DataDrivingfromProperties -->
