<?xml version="1.0" encoding="UTF-8"?>
<!-- Generated by org.testng.reporters.JUnitReportReporter -->
<testsuite skipped="0" hostname="HALIL" name="Basics.CreatingSimpleTests" tests="2" failures="0" timestamp="03 Feb 2019 02:49:25 GMT" time="0.014" errors="0">
  <testcase name="Bye" time="0.010" classname="Basics.CreatingSimpleTests"/>
  <testcase name="Hello" time="0.004" classname="Basics.CreatingSimpleTests"/>
</testsuite> <!-- Basics.CreatingSimpleTests -->
